{"/home/spkgdru/frontend-project-lvl2/src/diffBuilder.js": {"path":"/home/spkgdru/frontend-project-lvl2/src/diffBuilder.js","statementMap":{"0":{"start":{"line":1,"column":0},"end":{"line":1,"column":38}},"1":{"start":{"line":2,"column":0},"end":{"line":2,"column":64}},"2":{"start":{"line":3,"column":0},"end":{"line":3,"column":67}},"3":{"start":{"line":4,"column":0},"end":{"line":4,"column":38}},"4":{"start":{"line":5,"column":0},"end":{"line":5,"column":99}},"5":{"start":{"line":6,"column":0},"end":{"line":6,"column":20}},"6":{"start":{"line":7,"column":0},"end":{"line":7,"column":27}},"7":{"start":{"line":8,"column":0},"end":{"line":8,"column":30}},"8":{"start":{"line":9,"column":0},"end":{"line":9,"column":66}},"9":{"start":{"line":10,"column":0},"end":{"line":10,"column":10}},"10":{"start":{"line":11,"column":0},"end":{"line":11,"column":59}},"11":{"start":{"line":12,"column":0},"end":{"line":12,"column":20}},"12":{"start":{"line":13,"column":0},"end":{"line":13,"column":28}},"13":{"start":{"line":14,"column":0},"end":{"line":14,"column":30}},"14":{"start":{"line":15,"column":0},"end":{"line":15,"column":38}},"15":{"start":{"line":16,"column":0},"end":{"line":16,"column":10}},"16":{"start":{"line":17,"column":0},"end":{"line":17,"column":59}},"17":{"start":{"line":18,"column":0},"end":{"line":18,"column":20}},"18":{"start":{"line":19,"column":0},"end":{"line":19,"column":26}},"19":{"start":{"line":20,"column":0},"end":{"line":20,"column":30}},"20":{"start":{"line":21,"column":0},"end":{"line":21,"column":35}},"21":{"start":{"line":22,"column":0},"end":{"line":22,"column":10}},"22":{"start":{"line":23,"column":0},"end":{"line":23,"column":59}},"23":{"start":{"line":24,"column":0},"end":{"line":24,"column":20}},"24":{"start":{"line":25,"column":0},"end":{"line":25,"column":29}},"25":{"start":{"line":26,"column":0},"end":{"line":26,"column":30}},"26":{"start":{"line":27,"column":0},"end":{"line":27,"column":38}},"27":{"start":{"line":28,"column":0},"end":{"line":28,"column":35}},"28":{"start":{"line":29,"column":0},"end":{"line":29,"column":10}},"29":{"start":{"line":30,"column":0},"end":{"line":30,"column":14}},"30":{"start":{"line":31,"column":0},"end":{"line":31,"column":20}},"31":{"start":{"line":32,"column":0},"end":{"line":32,"column":32}},"32":{"start":{"line":33,"column":0},"end":{"line":33,"column":30}},"33":{"start":{"line":34,"column":0},"end":{"line":34,"column":35}},"34":{"start":{"line":35,"column":0},"end":{"line":35,"column":10}},"35":{"start":{"line":36,"column":0},"end":{"line":36,"column":7}},"36":{"start":{"line":37,"column":0},"end":{"line":37,"column":17}},"37":{"start":{"line":38,"column":0},"end":{"line":38,"column":11}},"38":{"start":{"line":39,"column":0},"end":{"line":39,"column":4}},"39":{"start":{"line":40,"column":0},"end":{"line":40,"column":35}},"40":{"start":{"line":41,"column":0},"end":{"line":41,"column":2}}},"s":{"0":1,"1":1,"2":1,"3":1,"4":6,"5":0,"6":0,"7":0,"8":0,"9":0,"10":6,"11":1,"12":1,"13":1,"14":1,"15":1,"16":6,"17":1,"18":1,"19":1,"20":1,"21":1,"22":5,"23":2,"24":2,"25":2,"26":2,"27":2,"28":2,"29":2,"30":2,"31":2,"32":2,"33":2,"34":2,"35":2,"36":6,"37":1,"38":1,"39":1,"40":1},"branchMap":{"0":{"type":"branch","line":1,"loc":{"start":{"line":1,"column":0},"end":{"line":41,"column":2}},"locations":[{"start":{"line":1,"column":0},"end":{"line":41,"column":2}}]},"1":{"type":"branch","line":1,"loc":{"start":{"line":1,"column":15},"end":{"line":41,"column":1}},"locations":[{"start":{"line":1,"column":15},"end":{"line":41,"column":1}}]},"2":{"type":"branch","line":2,"loc":{"start":{"line":2,"column":18},"end":{"line":39,"column":3}},"locations":[{"start":{"line":2,"column":18},"end":{"line":39,"column":3}}]},"3":{"type":"branch","line":4,"loc":{"start":{"line":4,"column":23},"end":{"line":38,"column":5}},"locations":[{"start":{"line":4,"column":23},"end":{"line":38,"column":5}}]},"4":{"type":"branch","line":5,"loc":{"start":{"line":5,"column":52},"end":{"line":5,"column":96}},"locations":[{"start":{"line":5,"column":52},"end":{"line":5,"column":96}}]},"5":{"type":"branch","line":5,"loc":{"start":{"line":5,"column":98},"end":{"line":11,"column":7}},"locations":[{"start":{"line":5,"column":98},"end":{"line":11,"column":7}}]},"6":{"type":"branch","line":11,"loc":{"start":{"line":11,"column":35},"end":{"line":11,"column":56}},"locations":[{"start":{"line":11,"column":35},"end":{"line":11,"column":56}}]},"7":{"type":"branch","line":11,"loc":{"start":{"line":11,"column":58},"end":{"line":17,"column":7}},"locations":[{"start":{"line":11,"column":58},"end":{"line":17,"column":7}}]},"8":{"type":"branch","line":17,"loc":{"start":{"line":17,"column":7},"end":{"line":36,"column":7}},"locations":[{"start":{"line":17,"column":7},"end":{"line":36,"column":7}}]},"9":{"type":"branch","line":17,"loc":{"start":{"line":17,"column":58},"end":{"line":23,"column":7}},"locations":[{"start":{"line":17,"column":58},"end":{"line":23,"column":7}}]},"10":{"type":"branch","line":23,"loc":{"start":{"line":23,"column":7},"end":{"line":36,"column":7}},"locations":[{"start":{"line":23,"column":7},"end":{"line":36,"column":7}}]},"11":{"type":"branch","line":23,"loc":{"start":{"line":23,"column":58},"end":{"line":36,"column":7}},"locations":[{"start":{"line":23,"column":58},"end":{"line":36,"column":7}}]}},"b":{"0":[1],"1":[1],"2":[1],"3":[6],"4":[0],"5":[0],"6":[5],"7":[1],"8":[5],"9":[1],"10":[4],"11":[2]},"fnMap":{"0":{"name":"default","decl":{"start":{"line":1,"column":15},"end":{"line":41,"column":1}},"loc":{"start":{"line":1,"column":15},"end":{"line":41,"column":1}},"line":1},"1":{"name":"builder","decl":{"start":{"line":2,"column":18},"end":{"line":39,"column":3}},"loc":{"start":{"line":2,"column":18},"end":{"line":39,"column":3}},"line":2}},"f":{"0":1,"1":1}}
,"/home/spkgdru/frontend-project-lvl2/src/parser.js": {"path":"/home/spkgdru/frontend-project-lvl2/src/parser.js","statementMap":{"0":{"start":{"line":1,"column":0},"end":{"line":1,"column":24}},"1":{"start":{"line":2,"column":0},"end":{"line":2,"column":20}},"2":{"start":{"line":3,"column":0},"end":{"line":3,"column":26}},"3":{"start":{"line":4,"column":0},"end":{"line":4,"column":22}},"4":{"start":{"line":5,"column":0},"end":{"line":5,"column":0}},"5":{"start":{"line":6,"column":0},"end":{"line":6,"column":25}},"6":{"start":{"line":7,"column":0},"end":{"line":7,"column":37}},"7":{"start":{"line":8,"column":0},"end":{"line":8,"column":38}},"8":{"start":{"line":9,"column":0},"end":{"line":9,"column":39}},"9":{"start":{"line":10,"column":0},"end":{"line":10,"column":40}},"10":{"start":{"line":11,"column":0},"end":{"line":11,"column":2}},"11":{"start":{"line":12,"column":0},"end":{"line":12,"column":0}},"12":{"start":{"line":13,"column":0},"end":{"line":13,"column":30}},"13":{"start":{"line":14,"column":0},"end":{"line":14,"column":42}},"14":{"start":{"line":15,"column":0},"end":{"line":15,"column":46}},"15":{"start":{"line":16,"column":0},"end":{"line":16,"column":61}},"16":{"start":{"line":17,"column":0},"end":{"line":17,"column":58}},"17":{"start":{"line":18,"column":0},"end":{"line":18,"column":45}},"18":{"start":{"line":19,"column":0},"end":{"line":19,"column":2}}},"s":{"0":1,"1":1,"2":1,"3":1,"4":1,"5":1,"6":1,"7":1,"8":1,"9":1,"10":1,"11":1,"12":1,"13":3,"14":3,"15":3,"16":3,"17":3,"18":1},"branchMap":{"0":{"type":"branch","line":1,"loc":{"start":{"line":1,"column":0},"end":{"line":19,"column":2}},"locations":[{"start":{"line":1,"column":0},"end":{"line":19,"column":2}}]},"1":{"type":"branch","line":7,"loc":{"start":{"line":7,"column":10},"end":{"line":7,"column":36}},"locations":[{"start":{"line":7,"column":10},"end":{"line":7,"column":36}}]},"2":{"type":"branch","line":8,"loc":{"start":{"line":8,"column":11},"end":{"line":8,"column":37}},"locations":[{"start":{"line":8,"column":11},"end":{"line":8,"column":37}}]},"3":{"type":"branch","line":9,"loc":{"start":{"line":9,"column":10},"end":{"line":9,"column":38}},"locations":[{"start":{"line":9,"column":10},"end":{"line":9,"column":38}}]},"4":{"type":"branch","line":13,"loc":{"start":{"line":13,"column":15},"end":{"line":19,"column":1}},"locations":[{"start":{"line":13,"column":15},"end":{"line":19,"column":1}}]},"5":{"type":"branch","line":15,"loc":{"start":{"line":15,"column":34},"end":{"line":15,"column":46}},"locations":[{"start":{"line":15,"column":34},"end":{"line":15,"column":46}}]}},"b":{"0":[1],"1":[1],"2":[1],"3":[1],"4":[3],"5":[0]},"fnMap":{"0":{"name":".ini","decl":{"start":{"line":7,"column":10},"end":{"line":7,"column":36}},"loc":{"start":{"line":7,"column":10},"end":{"line":7,"column":36}},"line":7},"1":{"name":".json","decl":{"start":{"line":8,"column":11},"end":{"line":8,"column":37}},"loc":{"start":{"line":8,"column":11},"end":{"line":8,"column":37}},"line":8},"2":{"name":".yml","decl":{"start":{"line":9,"column":10},"end":{"line":9,"column":38}},"loc":{"start":{"line":9,"column":10},"end":{"line":9,"column":38}},"line":9},"3":{"name":".yaml","decl":{"start":{"line":10,"column":11},"end":{"line":10,"column":39}},"loc":{"start":{"line":10,"column":11},"end":{"line":10,"column":39}},"line":10},"4":{"name":"default","decl":{"start":{"line":13,"column":15},"end":{"line":19,"column":1}},"loc":{"start":{"line":13,"column":15},"end":{"line":19,"column":1}},"line":13}},"f":{"0":1,"1":1,"2":1,"3":0,"4":3}}
}
