TN:
SF:src/diffBuilder.js
FN:1,default
FN:2,builder
FNF:2
FNH:2
FNDA:1,default
FNDA:1,builder
DA:1,1
DA:2,1
DA:3,1
DA:4,1
DA:5,6
DA:6,0
DA:7,0
DA:8,0
DA:9,0
DA:10,0
DA:11,6
DA:12,1
DA:13,1
DA:14,1
DA:15,1
DA:16,1
DA:17,6
DA:18,1
DA:19,1
DA:20,1
DA:21,1
DA:22,1
DA:23,5
DA:24,2
DA:25,2
DA:26,2
DA:27,2
DA:28,2
DA:29,2
DA:30,2
DA:31,2
DA:32,2
DA:33,2
DA:34,2
DA:35,2
DA:36,2
DA:37,6
DA:38,1
DA:39,1
DA:40,1
DA:41,1
LF:41
LH:36
BRDA:1,0,0,1
BRDA:1,1,0,1
BRDA:2,2,0,1
BRDA:4,3,0,6
BRDA:5,4,0,0
BRDA:5,5,0,0
BRDA:11,6,0,5
BRDA:11,7,0,1
BRDA:17,8,0,5
BRDA:17,9,0,1
BRDA:23,10,0,4
BRDA:23,11,0,2
BRF:12
BRH:10
end_of_record
TN:
SF:src/parser.js
FN:7,.ini
FN:8,.json
FN:9,.yml
FN:10,.yaml
FN:13,default
FNF:5
FNH:4
FNDA:1,.ini
FNDA:1,.json
FNDA:1,.yml
FNDA:0,.yaml
FNDA:3,default
DA:1,1
DA:2,1
DA:3,1
DA:4,1
DA:5,1
DA:6,1
DA:7,1
DA:8,1
DA:9,1
DA:10,1
DA:11,1
DA:12,1
DA:13,1
DA:14,3
DA:15,3
DA:16,3
DA:17,3
DA:18,3
DA:19,1
LF:19
LH:19
BRDA:1,0,0,1
BRDA:7,1,0,1
BRDA:8,2,0,1
BRDA:9,3,0,1
BRDA:13,4,0,3
BRDA:15,5,0,0
BRF:6
BRH:5
end_of_record
